<?xml version="1.0" encoding="UTF-8"?>
<!-- Generated by org.testng.reporters.JUnitXMLReporter -->
<testsuite ignored="0" hostname="ATMECSINLT-087" failures="0" tests="2" name="heatClinicTest" time="31.543" errors="0" timestamp="15 Nov 2019 09:43:50 GMT">
  <testcase classname="com.tutorialsninjaandheatclinic.TutorialsninjaAndHeatclinicAutomation.testscripts.HeatClinicFuctionalityTesting" name="headerRedirectionValidation" time="8.416"/>
  <testcase classname="com.tutorialsninjaandheatclinic.TutorialsninjaAndHeatclinicAutomation.testscripts.HeatClinicFuctionalityTesting" name="merchandiseFunctionality" time="14.452"/>
</testsuite> <!-- heatClinicTest -->
