<?xml version="1.0" encoding="UTF-8"?>
<testng-results ignored="0" total="5" passed="4" failed="1" skipped="0">
  <reporter-output>
  </reporter-output>
  <suite started-at="2019-11-14T10:29:31Z" name="mysuite" finished-at="2019-11-14T10:30:33Z" duration-ms="61871">
    <groups>
    </groups>
    <test started-at="2019-11-14T10:29:31Z" name="Test validate internet explorercom.tutorialsninjaandheatclinic.TutorialsninjaAndHeatclinicAutomation.testscripts.TutorialsNinjaFunctionalityValidation" finished-at="2019-11-14T10:30:31Z" duration-ms="59612">
      <class name="com.tutorialsninjaandheatclinic.TutorialsninjaAndHeatclinicAutomation.testscripts.TutorialsNinjaFunctionalityValidation">
        <test-method is-config="true" signature="intitailizeBrowser(java.lang.String)[pri:0, instance:com.tutorialsninjaandheatclinic.TutorialsninjaAndHeatclinicAutomation.testscripts.TutorialsNinjaFunctionalityValidation@4b7dc788]" started-at="2019-11-14T10:29:31Z" name="intitailizeBrowser" finished-at="2019-11-14T10:29:40Z" duration-ms="8588" status="PASS">
          <params>
            <param index="0">
              <value>
                <![CDATA[internet explorer]]>
              </value>
            </param>
          </params>
          <reporter-output>
          </reporter-output>
        </test-method> <!-- intitailizeBrowser -->
        <test-method is-config="true" signature="intailization()[pri:0, instance:com.tutorialsninjaandheatclinic.TutorialsninjaAndHeatclinicAutomation.testscripts.TutorialsNinjaFunctionalityValidation@4b7dc788]" started-at="2019-11-14T10:29:40Z" name="intailization" finished-at="2019-11-14T10:29:44Z" duration-ms="3846" status="PASS">
          <reporter-output>
          </reporter-output>
        </test-method> <!-- intailization -->
        <test-method signature="tutorialsNinjaHomePageValidation()[pri:1, instance:com.tutorialsninjaandheatclinic.TutorialsninjaAndHeatclinicAutomation.testscripts.TutorialsNinjaFunctionalityValidation@4b7dc788]" started-at="2019-11-14T10:29:44Z" name="tutorialsNinjaHomePageValidation" finished-at="2019-11-14T10:29:44Z" duration-ms="55" status="PASS">
          <reporter-output>
          </reporter-output>
        </test-method> <!-- tutorialsNinjaHomePageValidation -->
        <test-method signature="tutorialsNinjaProductValidation()[pri:2, instance:com.tutorialsninjaandheatclinic.TutorialsninjaAndHeatclinicAutomation.testscripts.TutorialsNinjaFunctionalityValidation@4b7dc788]" started-at="2019-11-14T10:29:44Z" name="tutorialsNinjaProductValidation" finished-at="2019-11-14T10:30:22Z" duration-ms="38436" status="PASS">
          <reporter-output>
          </reporter-output>
        </test-method> <!-- tutorialsNinjaProductValidation -->
        <test-method signature="cartValidation()[pri:3, instance:com.tutorialsninjaandheatclinic.TutorialsninjaAndHeatclinicAutomation.testscripts.TutorialsNinjaFunctionalityValidation@4b7dc788]" started-at="2019-11-14T10:30:22Z" name="cartValidation" finished-at="2019-11-14T10:30:30Z" duration-ms="8007" status="PASS">
          <reporter-output>
          </reporter-output>
        </test-method> <!-- cartValidation -->
        <test-method is-config="true" signature="endTest()[pri:0, instance:com.tutorialsninjaandheatclinic.TutorialsninjaAndHeatclinicAutomation.testscripts.TutorialsNinjaFunctionalityValidation@4b7dc788]" started-at="2019-11-14T10:30:30Z" name="endTest" finished-at="2019-11-14T10:30:31Z" duration-ms="665" status="PASS">
          <reporter-output>
          </reporter-output>
        </test-method> <!-- endTest -->
      </class> <!-- com.tutorialsninjaandheatclinic.TutorialsninjaAndHeatclinicAutomation.testscripts.TutorialsNinjaFunctionalityValidation -->
    </test> <!-- Test validate internet explorercom.tutorialsninjaandheatclinic.TutorialsninjaAndHeatclinicAutomation.testscripts.TutorialsNinjaFunctionalityValidation -->
    <test started-at="2019-11-14T10:29:31Z" name="Test validate internet explorercom.tutorialsninjaandheatclinic.TutorialsninjaAndHeatclinicAutomation.testscripts.HeatClinicFuctionalityTesting" finished-at="2019-11-14T10:30:33Z" duration-ms="61871">
      <class name="com.tutorialsninjaandheatclinic.TutorialsninjaAndHeatclinicAutomation.testscripts.HeatClinicFuctionalityTesting">
        <test-method is-config="true" signature="intitailizeBrowser(java.lang.String)[pri:0, instance:com.tutorialsninjaandheatclinic.TutorialsninjaAndHeatclinicAutomation.testscripts.HeatClinicFuctionalityTesting@3eb81efb]" started-at="2019-11-14T10:29:31Z" name="intitailizeBrowser" finished-at="2019-11-14T10:29:40Z" duration-ms="8588" status="PASS">
          <params>
            <param index="0">
              <value>
                <![CDATA[internet explorer]]>
              </value>
            </param>
          </params>
          <reporter-output>
          </reporter-output>
        </test-method> <!-- intitailizeBrowser -->
        <test-method is-config="true" signature="intailization()[pri:0, instance:com.tutorialsninjaandheatclinic.TutorialsninjaAndHeatclinicAutomation.testscripts.HeatClinicFuctionalityTesting@3eb81efb]" started-at="2019-11-14T10:29:40Z" name="intailization" finished-at="2019-11-14T10:29:50Z" duration-ms="10330" status="PASS">
          <reporter-output>
          </reporter-output>
        </test-method> <!-- intailization -->
        <test-method signature="headerRedirectionValidation()[pri:1, instance:com.tutorialsninjaandheatclinic.TutorialsninjaAndHeatclinicAutomation.testscripts.HeatClinicFuctionalityTesting@3eb81efb]" started-at="2019-11-14T10:29:50Z" name="headerRedirectionValidation" finished-at="2019-11-14T10:30:09Z" duration-ms="18263" status="FAIL">
          <exception class="java.lang.AssertionError">
            <message>
              <![CDATA[expected [Broadleaf Commerce Demo Store - Heat Clinic - FAQ] but found [Broadleaf Commerce Demo Store - Heat Clinic - New to Hot Sauce]]]>
            </message>
            <full-stacktrace>
              <![CDATA[java.lang.AssertionError: expected [Broadleaf Commerce Demo Store - Heat Clinic - FAQ] but found [Broadleaf Commerce Demo Store - Heat Clinic - New to Hot Sauce]
at org.testng.Assert.fail(Assert.java:96)
at org.testng.Assert.failNotEquals(Assert.java:776)
at org.testng.Assert.assertEqualsImpl(Assert.java:137)
at org.testng.Assert.assertEquals(Assert.java:118)
at org.testng.Assert.assertEquals(Assert.java:453)
at org.testng.Assert.assertEquals(Assert.java:463)
at com.tutorialsninjaandheatclinic.TutorialsninjaAndHeatclinicAutomation.pages.TutorialsNinjaValidation.assertion(TutorialsNinjaValidation.java:55)
at com.tutorialsninjaandheatclinic.TutorialsninjaAndHeatclinicAutomation.pages.TutorialsNinjaValidation.pageRedirection(TutorialsNinjaValidation.java:42)
at com.tutorialsninjaandheatclinic.TutorialsninjaAndHeatclinicAutomation.testscripts.HeatClinicFuctionalityTesting.headerRedirectionValidation(HeatClinicFuctionalityTesting.java:66)
at java.base/jdk.internal.reflect.NativeMethodAccessorImpl.invoke0(Native Method)
at java.base/jdk.internal.reflect.NativeMethodAccessorImpl.invoke(NativeMethodAccessorImpl.java:62)
at java.base/jdk.internal.reflect.DelegatingMethodAccessorImpl.invoke(DelegatingMethodAccessorImpl.java:43)
at java.base/java.lang.reflect.Method.invoke(Method.java:567)
at org.testng.internal.MethodInvocationHelper.invokeMethod(MethodInvocationHelper.java:124)
at org.testng.internal.Invoker.invokeMethod(Invoker.java:583)
at org.testng.internal.Invoker.invokeTestMethod(Invoker.java:719)
at org.testng.internal.Invoker.invokeTestMethods(Invoker.java:989)
at org.testng.internal.TestMethodWorker.invokeTestMethods(TestMethodWorker.java:125)
at org.testng.internal.TestMethodWorker.run(TestMethodWorker.java:109)
at org.testng.TestRunner.privateRun(TestRunner.java:648)
at org.testng.TestRunner.run(TestRunner.java:505)
at org.testng.SuiteRunner.runTest(SuiteRunner.java:455)
at org.testng.SuiteRunner.access$000(SuiteRunner.java:40)
at org.testng.SuiteRunner$SuiteWorker.run(SuiteRunner.java:489)
at org.testng.internal.thread.ThreadUtil$1.call(ThreadUtil.java:52)
at java.base/java.util.concurrent.FutureTask.run(FutureTask.java:264)
at java.base/java.util.concurrent.ThreadPoolExecutor.runWorker(ThreadPoolExecutor.java:1128)
at java.base/java.util.concurrent.ThreadPoolExecutor$Worker.run(ThreadPoolExecutor.java:628)
at java.base/java.lang.Thread.run(Thread.java:835)
]]>
            </full-stacktrace>
          </exception> <!-- java.lang.AssertionError -->
          <reporter-output>
          </reporter-output>
        </test-method> <!-- headerRedirectionValidation -->
        <test-method signature="merchandiseFunctionality([Ljava.lang.String;)[pri:2, instance:com.tutorialsninjaandheatclinic.TutorialsninjaAndHeatclinicAutomation.testscripts.HeatClinicFuctionalityTesting@3eb81efb]" started-at="2019-11-14T10:30:09Z" name="merchandiseFunctionality" data-provider="shirtdata" finished-at="2019-11-14T10:30:33Z" duration-ms="24059" status="PASS">
          <params>
            <param index="0">
              <value>
                <![CDATA[[Ljava.lang.String;@4c202ac7]]>
              </value>
            </param>
          </params>
          <reporter-output>
          </reporter-output>
        </test-method> <!-- merchandiseFunctionality -->
        <test-method is-config="true" signature="endTest()[pri:0, instance:com.tutorialsninjaandheatclinic.TutorialsninjaAndHeatclinicAutomation.testscripts.HeatClinicFuctionalityTesting@3eb81efb]" started-at="2019-11-14T10:30:33Z" name="endTest" finished-at="2019-11-14T10:30:33Z" duration-ms="567" status="PASS">
          <reporter-output>
          </reporter-output>
        </test-method> <!-- endTest -->
      </class> <!-- com.tutorialsninjaandheatclinic.TutorialsninjaAndHeatclinicAutomation.testscripts.HeatClinicFuctionalityTesting -->
    </test> <!-- Test validate internet explorercom.tutorialsninjaandheatclinic.TutorialsninjaAndHeatclinicAutomation.testscripts.HeatClinicFuctionalityTesting -->
  </suite> <!-- mysuite -->
</testng-results>
