<?xml version="1.0" encoding="UTF-8"?>
<testng-results ignored="0" total="1" passed="1" failed="0" skipped="0">
  <reporter-output>
  </reporter-output>
  <suite started-at="2019-11-13T15:04:37Z" name="tutorialsNinjaAndHeatClinic" finished-at="2019-11-13T15:05:47Z" duration-ms="69510">
    <groups>
    </groups>
    <test started-at="2019-11-13T15:04:37Z" name="parallelRun" finished-at="2019-11-13T15:05:47Z" duration-ms="69510">
      <class name="com.tutorialsninjaandheatclinic.TutorialsninjaAndHeatclinicAutomation.base.DynamicXML">
        <test-method signature="xmlsuite()[pri:0, instance:com.tutorialsninjaandheatclinic.TutorialsninjaAndHeatclinicAutomation.base.DynamicXML@b62fe6d]" started-at="2019-11-13T15:04:37Z" name="xmlsuite" finished-at="2019-11-13T15:05:47Z" duration-ms="69463" status="PASS">
          <reporter-output>
          </reporter-output>
        </test-method> <!-- xmlsuite -->
      </class> <!-- com.tutorialsninjaandheatclinic.TutorialsninjaAndHeatclinicAutomation.base.DynamicXML -->
    </test> <!-- parallelRun -->
  </suite> <!-- tutorialsNinjaAndHeatClinic -->
</testng-results>
