<?xml version="1.0" encoding="UTF-8"?>
<!-- Generated by org.testng.reporters.JUnitXMLReporter -->
<testsuite ignored="0" hostname="ATMECSINLT-087" failures="0" tests="3" name="Test validate chromecom.tutorialsninjaandheatclinic.TutorialsninjaAndHeatclinicAutomation.testscripts.TutorialsNinjaFunctionalityValidation" time="67.581" errors="0" timestamp="13 Nov 2019 15:05:47 GMT">
  <testcase classname="com.tutorialsninjaandheatclinic.TutorialsninjaAndHeatclinicAutomation.testscripts.TutorialsNinjaFunctionalityValidation" name="tutorialsNinjaHomePageValidation" time="0.114"/>
  <testcase classname="com.tutorialsninjaandheatclinic.TutorialsninjaAndHeatclinicAutomation.testscripts.TutorialsNinjaFunctionalityValidation" name="tutorialsNinjaProductValidation" time="40.295"/>
  <testcase classname="com.tutorialsninjaandheatclinic.TutorialsninjaAndHeatclinicAutomation.testscripts.TutorialsNinjaFunctionalityValidation" name="cartValidation" time="2.459"/>
</testsuite> <!-- Test validate chromecom.tutorialsninjaandheatclinic.TutorialsninjaAndHeatclinicAutomation.testscripts.TutorialsNinjaFunctionalityValidation -->
