<?xml version="1.0" encoding="UTF-8"?>
<!-- Generated by org.testng.reporters.JUnitXMLReporter -->
<testsuite ignored="0" hostname="ATMECSINLT-087" failures="0" tests="2" name="heatClinicTest" time="1.206" errors="0" timestamp="13 Nov 2019 14:55:36 GMT">
  <testcase classname="com.tutorialsninjaandheatclinic.TutorialsninjaAndHeatclinicAutomation.base.TestBase" name="@BeforeTest intitailizeBrowser" time="0.0">
    <failure type="org.testng.TestNGException" message="
Parameter &amp;apos;browser&amp;apos; is required by BeforeTest on method intitailizeBrowser but has not been marked @Optional or defined
in C:\Users\ARJUN.SANTRA\Desktop\AssessmentTwo\TutorialsninjaAndHeatclinicAutomation\src\test\resources\suitefiles\heatClinicFunctionality.xml">
      <![CDATA[org.testng.TestNGException: 
Parameter 'browser' is required by BeforeTest on method intitailizeBrowser but has not been marked @Optional or defined
in C:\Users\ARJUN.SANTRA\Desktop\AssessmentTwo\TutorialsninjaAndHeatclinicAutomation\src\test\resources\suitefiles\heatClinicFunctionality.xml
... Removed 22 stack frames]]>
    </failure>
  </testcase> <!-- @BeforeTest intitailizeBrowser -->
  <testcase classname="com.tutorialsninjaandheatclinic.TutorialsninjaAndHeatclinicAutomation.testscripts.HeatClinicFuctionalityTesting" name="@BeforeClass intailization" time="0.0">
    <skipped/>
  </testcase> <!-- @BeforeClass intailization -->
  <testcase classname="com.tutorialsninjaandheatclinic.TutorialsninjaAndHeatclinicAutomation.base.TestBase" name="@AfterTest endTest" time="0.0">
    <skipped/>
  </testcase> <!-- @AfterTest endTest -->
  <testcase classname="com.tutorialsninjaandheatclinic.TutorialsninjaAndHeatclinicAutomation.testscripts.HeatClinicFuctionalityTesting" name="headerRedirectionValidation" time="0.0">
    <skipped/>
  </testcase> <!-- headerRedirectionValidation -->
  <testcase classname="com.tutorialsninjaandheatclinic.TutorialsninjaAndHeatclinicAutomation.testscripts.HeatClinicFuctionalityTesting" name="merchandiseFunctionality" time="0.0">
    <skipped/>
  </testcase> <!-- merchandiseFunctionality -->
</testsuite> <!-- heatClinicTest -->
